Determining if the pthread_create exist failed with the following output:
Change Dir: /home/matt/testing_repo/catkin_ws/build/CMakeFiles/CMakeTmp

Run Build Command:"/usr/bin/make" "cmTryCompileExec1096168959/fast"
/usr/bin/make -f CMakeFiles/cmTryCompileExec1096168959.dir/build.make CMakeFiles/cmTryCompileExec1096168959.dir/build
make[1]: Entering directory `/home/matt/testing_repo/catkin_ws/build/CMakeFiles/CMakeTmp'
/usr/bin/cmake -E cmake_progress_report /home/matt/testing_repo/catkin_ws/build/CMakeFiles/CMakeTmp/CMakeFiles 1
Building C object CMakeFiles/cmTryCompileExec1096168959.dir/CheckSymbolExists.c.o
/usr/bin/cc    -o CMakeFiles/cmTryCompileExec1096168959.dir/CheckSymbolExists.c.o   -c /home/matt/testing_repo/catkin_ws/build/CMakeFiles/CMakeTmp/CheckSymbolExists.c
Linking C executable cmTryCompileExec1096168959
/usr/bin/cmake -E cmake_link_script CMakeFiles/cmTryCompileExec1096168959.dir/link.txt --verbose=1
/usr/bin/cc       CMakeFiles/cmTryCompileExec1096168959.dir/CheckSymbolExists.c.o  -o cmTryCompileExec1096168959 -rdynamic 
CMakeFiles/cmTryCompileExec1096168959.dir/CheckSymbolExists.c.o: In function `main':
CheckSymbolExists.c:(.text+0x16): undefined reference to `pthread_create'
collect2: error: ld returned 1 exit status
make[1]: *** [cmTryCompileExec1096168959] Error 1
make[1]: Leaving directory `/home/matt/testing_repo/catkin_ws/build/CMakeFiles/CMakeTmp'
make: *** [cmTryCompileExec1096168959/fast] Error 2

File /home/matt/testing_repo/catkin_ws/build/CMakeFiles/CMakeTmp/CheckSymbolExists.c:
/* */
#include <pthread.h>

int main(int argc, char** argv)
{
  (void)argv;
#ifndef pthread_create
  return ((int*)(&pthread_create))[argc];
#else
  (void)argc;
  return 0;
#endif
}

Determining if the function pthread_create exists in the pthreads failed with the following output:
Change Dir: /home/matt/testing_repo/catkin_ws/build/CMakeFiles/CMakeTmp

Run Build Command:"/usr/bin/make" "cmTryCompileExec443545450/fast"
/usr/bin/make -f CMakeFiles/cmTryCompileExec443545450.dir/build.make CMakeFiles/cmTryCompileExec443545450.dir/build
make[1]: Entering directory `/home/matt/testing_repo/catkin_ws/build/CMakeFiles/CMakeTmp'
/usr/bin/cmake -E cmake_progress_report /home/matt/testing_repo/catkin_ws/build/CMakeFiles/CMakeTmp/CMakeFiles 1
Building C object CMakeFiles/cmTryCompileExec443545450.dir/CheckFunctionExists.c.o
/usr/bin/cc   -DCHECK_FUNCTION_EXISTS=pthread_create   -o CMakeFiles/cmTryCompileExec443545450.dir/CheckFunctionExists.c.o   -c /usr/share/cmake-3.2/Modules/CheckFunctionExists.c
Linking C executable cmTryCompileExec443545450
/usr/bin/cmake -E cmake_link_script CMakeFiles/cmTryCompileExec443545450.dir/link.txt --verbose=1
/usr/bin/cc   -DCHECK_FUNCTION_EXISTS=pthread_create    CMakeFiles/cmTryCompileExec443545450.dir/CheckFunctionExists.c.o  -o cmTryCompileExec443545450 -rdynamic -lpthreads 
/usr/bin/ld: cannot find -lpthreads
collect2: error: ld returned 1 exit status
make[1]: *** [cmTryCompileExec443545450] Error 1
make[1]: Leaving directory `/home/matt/testing_repo/catkin_ws/build/CMakeFiles/CMakeTmp'
make: *** [cmTryCompileExec443545450/fast] Error 2


